#
# A fatal error has been detected by the Java Runtime Environment:
#
#  SIGBUS (0xa) at pc=0x00000001030e7e92, pid=5556, tid=0x0000000000007103
#
# JRE version: Java(TM) SE Runtime Environment (8.0_111-b14) (build 1.8.0_111-b14)
# Java VM: Java HotSpot(TM) 64-Bit Server VM (25.111-b14 mixed mode bsd-amd64 compressed oops)
# Problematic frame:
# C  [libzip.dylib+0x2e92]  newEntry+0x154
#
# Failed to write core dump. Core dumps have been disabled. To enable core dumping, try "ulimit -c unlimited" before starting Java again
#
# If you would like to submit a bug report, please visit:
#   http://bugreport.java.com/bugreport/crash.jsp
# The crash happened outside the Java Virtual Machine in native code.
# See problematic frame for where to report the bug.
#

---------------  T H R E A D  ---------------

Current thread (0x00007f922e807800):  JavaThread "Thread-9" [_thread_in_native, id=28931, stack(0x0000700002383000,0x0000700002483000)]

siginfo: si_signo: 10 (SIGBUS), si_code: 2 (BUS_ADRERR), si_addr: 0x00000001207cb8b8

Registers:
RAX=0x00007f9229706840, RBX=0x00000001207cb8ac, RCX=0x0000000000000b00, RDX=0x0000000000000000
RSP=0x00007000024800a0, RBP=0x0000700002480100, RSI=0x00007f9229600000, RDI=0x0000000102de3400
R8 =0x0000000000000004, R9 =0x00000000fffffc00, R10=0x0000000051b46ac5, R11=0x00007f9229600000
R12=0x0000000120777000, R13=0x0000000000004a70, R14=0x0000000054589111, R15=0x00007f922948b070
RIP=0x00000001030e7e92, EFLAGS=0x0000000000010206, ERR=0x0000000000000004
  TRAPNO=0x000000000000000e

Top of Stack: (sp=0x00007000024800a0)
0x00007000024800a0:   00000007c0001ef8 00000000220f18d8
0x00007000024800b0:   00007000220f18d8 0000000103cc2872
0x00007000024800c0:   00007000024800e0 00007f9229706840
0x00007000024800d0:   00007f92296b7450 00007f9229706840
0x00007000024800e0:   0000000120777000 0000000000004a70
0x00007000024800f0:   0000000054589111 00007f922948b070
0x0000700002480100:   0000700002480160 00000001030e852d
0x0000700002480110:   00007000024801ac 00007000024801ab
0x0000700002480120:   0000002c00000000 0000002d01807800
0x0000700002480130:   000070000248017e 00007000024805c8
0x0000700002480140:   000000000000002d 000070000248017e
0x0000700002480150:   00007f9229706840 00007f922e8079f8
0x0000700002480160:   00007000024805b0 00000001030e7238
0x0000700002480170:   0000700022127f90 726f700000000001
0x0000700002480180:   6568636170612f67 6e696c617461632f
0x0000700002480190:   79636566694c2f61 676e695324656c63
0x00007000024801a0:   6c632e657355656c 0000000000737361
0x00007000024801b0:   0000700002480210 00007fff952aced2
0x00007000024801c0:   0000700002480398 0000700002480388
0x00007000024801d0:   0000000122da9068 0000700002480378
0x00007000024801e0:   0000700022127e90 0000000000000000
0x00007000024801f0:   0000000104014ed2 0000000000000035
0x0000700002480200:   0000000000000000 00007fff952f69a0
0x0000700002480210:   0000700002480600 00007fff952b7653
0x0000700002480220:   0000000022d6fc20 0000000022127f30
0x0000700002480230:   0000700002480320 0000000122da8e28
0x0000700002480240:   0000000022116498 0000000722127f10
0x0000700002480250:   000000021d7f9870 000000071d3721e8
0x0000700002480260:   0000000300000070 00000007c0401ae0
0x0000700002480270:   00007000024802d0 00007fff952aced2
0x0000700002480280:   0000700002480458 0000700002480448
0x0000700002480290:   0000000104014ed0 0000700002480438 

Instructions: (pc=0x00000001030e7e92)
0x00000001030e7e72:   49 8b 7f 38 e8 5b 1b 00 00 4d 89 77 38 49 89 5f
0x00000001030e7e82:   40 4c 89 f0 48 85 c0 0f 84 11 05 00 00 48 89 c3
0x00000001030e7e92:   0f b6 43 0c 0f b6 4b 0d 48 c1 e1 08 48 01 c1 0f
0x00000001030e7ea2:   b6 43 0e 0f b6 53 0f 48 c1 e2 08 48 01 c2 48 c1 

Register to memory mapping:

RAX=0x00007f9229706840 is an unknown value
RBX=0x00000001207cb8ac is an unknown value
RCX=0x0000000000000b00 is an unknown value
RDX=0x0000000000000000 is an unknown value
RSP=0x00007000024800a0 is pointing into the stack for thread: 0x00007f922e807800
RBP=0x0000700002480100 is pointing into the stack for thread: 0x00007f922e807800
RSI=0x00007f9229600000 is an unknown value
RDI=0x0000000102de3400 is an unknown value
R8 =0x0000000000000004 is an unknown value
R9 =0x00000000fffffc00 is an unknown value
R10=0x0000000051b46ac5 is an unknown value
R11=0x00007f9229600000 is an unknown value
R12=0x0000000120777000 is an unknown value
R13=0x0000000000004a70 is an unknown value
R14=0x0000000054589111 is an unknown value
R15=0x00007f922948b070 is an unknown value


Stack: [0x0000700002383000,0x0000700002483000],  sp=0x00007000024800a0,  free space=1012k
Native frames: (J=compiled Java code, j=interpreted, Vv=VM code, C=native code)
C  [libzip.dylib+0x2e92]  newEntry+0x154
C  [libzip.dylib+0x352d]  ZIP_GetEntry2+0xd4
C  [libzip.dylib+0x2238]  Java_java_util_zip_ZipFile_getEntry+0xcf
J 214  java.util.zip.ZipFile.getEntry(J[BZ)J (0 bytes) @ 0x0000000104b2588e [0x0000000104b257c0+0xce]
J 1494 C2 java.util.jar.JarFile.getEntry(Ljava/lang/String;)Ljava/util/zip/ZipEntry; (22 bytes) @ 0x0000000104efd28c [0x0000000104efcf20+0x36c]
J 454 C2 sun.misc.URLClassPath$JarLoader.getResource(Ljava/lang/String;Z)Lsun/misc/Resource; (85 bytes) @ 0x0000000104bcbd18 [0x0000000104bcbb00+0x218]
J 1423 C2 sun.misc.URLClassPath.getResource(Ljava/lang/String;Z)Lsun/misc/Resource; (83 bytes) @ 0x0000000104ec6370 [0x0000000104ec6280+0xf0]
J 3113 C1 java.net.URLClassLoader$1.run()Ljava/lang/Class; (63 bytes) @ 0x000000010540f87c [0x000000010540f7c0+0xbc]
J 3112 C1 java.net.URLClassLoader$1.run()Ljava/lang/Object; (5 bytes) @ 0x000000010540f464 [0x000000010540f400+0x64]
v  ~StubRoutines::call_stub
V  [libjvm.dylib+0x2ecf8a]
V  [libjvm.dylib+0x34d6c8]
J 243  java.security.AccessController.doPrivileged(Ljava/security/PrivilegedExceptionAction;Ljava/security/AccessControlContext;)Ljava/lang/Object; (0 bytes) @ 0x0000000104b375d5 [0x0000000104b37500+0xd5]
J 1504 C2 sun.misc.Launcher$AppClassLoader.loadClass(Ljava/lang/String;Z)Ljava/lang/Class; (85 bytes) @ 0x0000000104f6d5c4 [0x0000000104f6d160+0x464]
J 1390 C2 java.lang.ClassLoader.loadClass(Ljava/lang/String;)Ljava/lang/Class; (7 bytes) @ 0x0000000104ea0da0 [0x0000000104ea0d60+0x40]
v  ~StubRoutines::call_stub
V  [libjvm.dylib+0x2ecf8a]
V  [libjvm.dylib+0x2ed718]
V  [libjvm.dylib+0x2ed870]
V  [libjvm.dylib+0x53b4f4]
V  [libjvm.dylib+0x53ac8d]
V  [libjvm.dylib+0x53b710]
V  [libjvm.dylib+0x53bdc3]
V  [libjvm.dylib+0x1e2476]
V  [libjvm.dylib+0x1f2886]
V  [libjvm.dylib+0x2e87ce]
j  org.apache.catalina.util.LifecycleBase.stop()V+259
j  org.apache.catalina.core.StandardPipeline.stopInternal()V+36
j  org.apache.catalina.util.LifecycleBase.stop()V+214
j  org.apache.catalina.core.ContainerBase.stopInternal()V+46
j  org.apache.catalina.util.LifecycleBase.stop()V+214
j  org.apache.catalina.core.StandardService.stopInternal()V+148
j  org.apache.catalina.util.LifecycleBase.stop()V+214
j  org.apache.catalina.core.StandardServer.stopInternal()V+31
j  org.apache.catalina.util.LifecycleBase.stop()V+214
j  org.apache.catalina.startup.Tomcat.stop()V+9
j  org.springframework.boot.context.embedded.tomcat.TomcatEmbeddedServletContainer.stopTomcat()V+29
j  org.springframework.boot.context.embedded.tomcat.TomcatEmbeddedServletContainer.stop()V+23
j  org.springframework.boot.context.embedded.EmbeddedWebApplicationContext.stopAndReleaseEmbeddedServletContainer()V+10
j  org.springframework.boot.context.embedded.EmbeddedWebApplicationContext.onClose()V+5
j  org.springframework.context.support.AbstractApplicationContext.doClose()V+128
j  org.springframework.context.support.AbstractApplicationContext$2.run()V+14
v  ~StubRoutines::call_stub
V  [libjvm.dylib+0x2ecf8a]
V  [libjvm.dylib+0x2ed718]
V  [libjvm.dylib+0x2ed8c4]
V  [libjvm.dylib+0x348039]
V  [libjvm.dylib+0x56a27b]
V  [libjvm.dylib+0x56b968]
V  [libjvm.dylib+0x489b0a]
C  [libsystem_pthread.dylib+0x399d]  _pthread_body+0x83
C  [libsystem_pthread.dylib+0x391a]  _pthread_body+0x0
C  [libsystem_pthread.dylib+0x1351]  thread_start+0xd
C  0x0000000000000000

Java frames: (J=compiled Java code, j=interpreted, Vv=VM code)
J 214  java.util.zip.ZipFile.getEntry(J[BZ)J (0 bytes) @ 0x0000000104b25818 [0x0000000104b257c0+0x58]
J 1494 C2 java.util.jar.JarFile.getEntry(Ljava/lang/String;)Ljava/util/zip/ZipEntry; (22 bytes) @ 0x0000000104efd28c [0x0000000104efcf20+0x36c]
J 454 C2 sun.misc.URLClassPath$JarLoader.getResource(Ljava/lang/String;Z)Lsun/misc/Resource; (85 bytes) @ 0x0000000104bcbd18 [0x0000000104bcbb00+0x218]
J 1423 C2 sun.misc.URLClassPath.getResource(Ljava/lang/String;Z)Lsun/misc/Resource; (83 bytes) @ 0x0000000104ec6370 [0x0000000104ec6280+0xf0]
J 3113 C1 java.net.URLClassLoader$1.run()Ljava/lang/Class; (63 bytes) @ 0x000000010540f87c [0x000000010540f7c0+0xbc]
J 3112 C1 java.net.URLClassLoader$1.run()Ljava/lang/Object; (5 bytes) @ 0x000000010540f464 [0x000000010540f400+0x64]
v  ~StubRoutines::call_stub
J 243  java.security.AccessController.doPrivileged(Ljava/security/PrivilegedExceptionAction;Ljava/security/AccessControlContext;)Ljava/lang/Object; (0 bytes) @ 0x0000000104b37563 [0x0000000104b37500+0x63]
J 1504 C2 sun.misc.Launcher$AppClassLoader.loadClass(Ljava/lang/String;Z)Ljava/lang/Class; (85 bytes) @ 0x0000000104f6d5c4 [0x0000000104f6d160+0x464]
J 1390 C2 java.lang.ClassLoader.loadClass(Ljava/lang/String;)Ljava/lang/Class; (7 bytes) @ 0x0000000104ea0da0 [0x0000000104ea0d60+0x40]
v  ~StubRoutines::call_stub
j  org.apache.catalina.util.LifecycleBase.stop()V+259
j  org.apache.catalina.core.StandardPipeline.stopInternal()V+36
j  org.apache.catalina.util.LifecycleBase.stop()V+214
j  org.apache.catalina.core.ContainerBase.stopInternal()V+46
j  org.apache.catalina.util.LifecycleBase.stop()V+214
j  org.apache.catalina.core.StandardService.stopInternal()V+148
j  org.apache.catalina.util.LifecycleBase.stop()V+214
j  org.apache.catalina.core.StandardServer.stopInternal()V+31
j  org.apache.catalina.util.LifecycleBase.stop()V+214
j  org.apache.catalina.startup.Tomcat.stop()V+9
j  org.springframework.boot.context.embedded.tomcat.TomcatEmbeddedServletContainer.stopTomcat()V+29
j  org.springframework.boot.context.embedded.tomcat.TomcatEmbeddedServletContainer.stop()V+23
j  org.springframework.boot.context.embedded.EmbeddedWebApplicationContext.stopAndReleaseEmbeddedServletContainer()V+10
j  org.springframework.boot.context.embedded.EmbeddedWebApplicationContext.onClose()V+5
j  org.springframework.context.support.AbstractApplicationContext.doClose()V+128
j  org.springframework.context.support.AbstractApplicationContext$2.run()V+14
v  ~StubRoutines::call_stub

---------------  P R O C E S S  ---------------

Java Threads: ( => current thread )
=>0x00007f922e807800 JavaThread "Thread-9" [_thread_in_native, id=28931, stack(0x0000700002383000,0x0000700002483000)]
  0x00007f922d35d000 JavaThread "SIGINT handler" daemon [_thread_blocked, id=28419, stack(0x0000700002280000,0x0000700002380000)]
  0x00007f922e806800 JavaThread "http-nio-8090-exec-10" daemon [_thread_blocked, id=27907, stack(0x000070000217d000,0x000070000227d000)]
  0x00007f922e805800 JavaThread "http-nio-8090-exec-9" daemon [_thread_blocked, id=27395, stack(0x000070000207a000,0x000070000217a000)]
  0x00007f922d0bd800 JavaThread "http-nio-8090-exec-8" daemon [_thread_blocked, id=20231, stack(0x0000700001f77000,0x0000700002077000)]
  0x00007f922d0bc800 JavaThread "http-nio-8090-exec-7" daemon [_thread_blocked, id=19719, stack(0x0000700001e74000,0x0000700001f74000)]
  0x00007f922d356000 JavaThread "http-nio-8090-exec-6" daemon [_thread_blocked, id=13319, stack(0x0000700001d71000,0x0000700001e71000)]
  0x00007f922eea4000 JavaThread "http-nio-8090-exec-5" daemon [_thread_blocked, id=21511, stack(0x0000700001353000,0x0000700001453000)]
  0x00007f922d049800 JavaThread "http-nio-8090-exec-4" daemon [_thread_blocked, id=20743, stack(0x0000700001250000,0x0000700001350000)]
  0x00007f922eea1800 JavaThread "http-nio-8090-exec-3" daemon [_thread_blocked, id=22031, stack(0x000070000114d000,0x000070000124d000)]
  0x00007f922e005800 JavaThread "http-nio-8090-exec-2" daemon [_thread_blocked, id=21787, stack(0x000070000104a000,0x000070000114a000)]
  0x00007f922d046800 JavaThread "http-nio-8090-exec-1" daemon [_thread_blocked, id=13575, stack(0x0000700000932000,0x0000700000a32000)]
  0x00007f9229806800 JavaThread "DestroyJavaVM" [_thread_blocked, id=3335, stack(0x000070000011a000,0x000070000021a000)]
  0x00007f922a731800 JavaThread "http-nio-8090-AsyncTimeout" daemon [_thread_blocked, id=26883, stack(0x0000700001c6e000,0x0000700001d6e000)]
  0x00007f922af4a000 JavaThread "http-nio-8090-Acceptor-0" daemon [_thread_blocked, id=26371, stack(0x0000700001b6b000,0x0000700001c6b000)]
  0x00007f922af49800 JavaThread "http-nio-8090-ClientPoller-1" daemon [_thread_in_native, id=25859, stack(0x0000700001a68000,0x0000700001b68000)]
  0x00007f9229ff7000 JavaThread "http-nio-8090-ClientPoller-0" daemon [_thread_in_native, id=25347, stack(0x0000700001965000,0x0000700001a65000)]
  0x00007f922c040800 JavaThread "NioBlockingSelector.BlockPoller-1" daemon [_thread_in_native, id=24835, stack(0x0000700001862000,0x0000700001962000)]
  0x00007f922c73c800 JavaThread "Live Reload Server" daemon [_thread_in_native, id=24327, stack(0x000070000175f000,0x000070000185f000)]
  0x00007f922aec2800 JavaThread "container-0" [_thread_blocked, id=23299, stack(0x0000700001559000,0x0000700001659000)]
  0x00007f922b02a000 JavaThread "Service Thread" daemon [_thread_blocked, id=18691, stack(0x0000700000e44000,0x0000700000f44000)]
  0x00007f922b015800 JavaThread "C1 CompilerThread2" daemon [_thread_blocked, id=18179, stack(0x0000700000d41000,0x0000700000e41000)]
  0x00007f922b014800 JavaThread "C2 CompilerThread1" daemon [_thread_blocked, id=17667, stack(0x0000700000c3e000,0x0000700000d3e000)]
  0x00007f922988c800 JavaThread "C2 CompilerThread0" daemon [_thread_in_native, id=17155, stack(0x0000700000b3b000,0x0000700000c3b000)]
  0x00007f92298a2800 JavaThread "Signal Dispatcher" daemon [_thread_blocked, id=13839, stack(0x0000700000a38000,0x0000700000b38000)]
  0x00007f9229860000 JavaThread "Finalizer" daemon [_thread_blocked, id=12291, stack(0x000070000082f000,0x000070000092f000)]
  0x00007f922980f000 JavaThread "Reference Handler" daemon [_thread_blocked, id=11779, stack(0x000070000072c000,0x000070000082c000)]

Other Threads:
  0x00007f922b00c800 VMThread [stack: 0x0000700000629000,0x0000700000729000] [id=11267]
  0x00007f922a801800 WatcherThread [stack: 0x0000700000f47000,0x0000700001047000] [id=19203]

VM state:not at safepoint (normal execution)

VM Mutex/Monitor currently owned by a thread: None

Heap:
 PSYoungGen      total 141824K, used 30917K [0x000000076ab00000, 0x0000000776d80000, 0x00000007c0000000)
  eden space 131072K, 15% used [0x000000076ab00000,0x000000076beb5f58,0x0000000772b00000)
  from space 10752K, 99% used [0x0000000772b00000,0x000000077357b610,0x0000000773580000)
  to   space 10752K, 0% used [0x0000000776300000,0x0000000776300000,0x0000000776d80000)
 ParOldGen       total 121344K, used 19504K [0x00000006c0000000, 0x00000006c7680000, 0x000000076ab00000)
  object space 121344K, 16% used [0x00000006c0000000,0x00000006c130c148,0x00000006c7680000)
 Metaspace       used 32430K, capacity 32780K, committed 33152K, reserved 1079296K
  class space    used 4027K, capacity 4123K, committed 4224K, reserved 1048576K

Card table byte_map: [0x0000000113d61000,0x0000000114562000] byte_map_base: 0x0000000110761000

Marking Bits: (ParMarkBitMap*) 0x00000001042efd20
 Begin Bits: [0x0000000114ab8000, 0x0000000118ab8000)
 End Bits:   [0x0000000118ab8000, 0x000000011cab8000)

Polling page: 0x00000001030db000

CodeCache: size=245760Kb used=9425Kb max_used=11146Kb free=236334Kb
 bounds [0x00000001049a1000, 0x0000000105491000, 0x00000001139a1000]
 total_blobs=3283 nmethods=2861 adapters=335
 compilation: enabled

Compilation events (10 events):
Event: 489.070 Thread 0x00007f922b015800 3309       3       java.util.concurrent.ConcurrentHashMap$MapEntry::<init> (20 bytes)
Event: 489.070 Thread 0x00007f922b015800 nmethod 3309 0x0000000104b25250 code [0x0000000104b253c0, 0x0000000104b255b0]
Event: 489.070 Thread 0x00007f922b015800 3305       1       org.springframework.boot.ansi.AnsiColor::toString (5 bytes)
Event: 489.070 Thread 0x00007f922b015800 nmethod 3305 0x0000000104b10510 code [0x0000000104b10660, 0x0000000104b10770]
Event: 489.072 Thread 0x00007f922b015800 3310       3       java.util.LinkedHashMap::afterNodeRemoval (65 bytes)
Event: 489.072 Thread 0x00007f922b015800 nmethod 3310 0x0000000104c0d1d0 code [0x0000000104c0d340, 0x0000000104c0d6f0]
Event: 489.073 Thread 0x00007f922b015800 3311       1       java.io.ExpiringCache::access$000 (5 bytes)
Event: 489.073 Thread 0x00007f922b015800 nmethod 3311 0x0000000104b4a350 code [0x0000000104b4a4a0, 0x0000000104b4a590]
Event: 489.073 Thread 0x00007f922b014800 3312       4       java.util.BitSet::get (69 bytes)
Event: 489.074 Thread 0x00007f922b014800 nmethod 3312 0x0000000104bc1cd0 code [0x0000000104bc1e20, 0x0000000104bc1ef8]

GC Heap History (8 events):
Event: 1.132 GC heap before
{Heap before GC invocations=1 (full 0):
 PSYoungGen      total 76288K, used 65536K [0x000000076ab00000, 0x0000000770000000, 0x00000007c0000000)
  eden space 65536K, 100% used [0x000000076ab00000,0x000000076eb00000,0x000000076eb00000)
  from space 10752K, 0% used [0x000000076f580000,0x000000076f580000,0x0000000770000000)
  to   space 10752K, 0% used [0x000000076eb00000,0x000000076eb00000,0x000000076f580000)
 ParOldGen       total 175104K, used 0K [0x00000006c0000000, 0x00000006cab00000, 0x000000076ab00000)
  object space 175104K, 0% used [0x00000006c0000000,0x00000006c0000000,0x00000006cab00000)
 Metaspace       used 15951K, capacity 16188K, committed 16384K, reserved 1062912K
  class space    used 1963K, capacity 2000K, committed 2048K, reserved 1048576K
Event: 1.149 GC heap after
Heap after GC invocations=1 (full 0):
 PSYoungGen      total 76288K, used 10720K [0x000000076ab00000, 0x0000000774000000, 0x00000007c0000000)
  eden space 65536K, 0% used [0x000000076ab00000,0x000000076ab00000,0x000000076eb00000)
  from space 10752K, 99% used [0x000000076eb00000,0x000000076f5780a0,0x000000076f580000)
  to   space 10752K, 0% used [0x0000000773580000,0x0000000773580000,0x0000000774000000)
 ParOldGen       total 175104K, used 4567K [0x00000006c0000000, 0x00000006cab00000, 0x000000076ab00000)
  object space 175104K, 2% used [0x00000006c0000000,0x00000006c0475c60,0x00000006cab00000)
 Metaspace       used 15951K, capacity 16188K, committed 16384K, reserved 1062912K
  class space    used 1963K, capacity 2000K, committed 2048K, reserved 1048576K
}
Event: 1.762 GC heap before
{Heap before GC invocations=2 (full 0):
 PSYoungGen      total 76288K, used 54108K [0x000000076ab00000, 0x0000000774000000, 0x00000007c0000000)
  eden space 65536K, 66% used [0x000000076ab00000,0x000000076d55f228,0x000000076eb00000)
  from space 10752K, 99% used [0x000000076eb00000,0x000000076f5780a0,0x000000076f580000)
  to   space 10752K, 0% used [0x0000000773580000,0x0000000773580000,0x0000000774000000)
 ParOldGen       total 175104K, used 4567K [0x00000006c0000000, 0x00000006cab00000, 0x000000076ab00000)
  object space 175104K, 2% used [0x00000006c0000000,0x00000006c0475c60,0x00000006cab00000)
 Metaspace       used 20866K, capacity 21198K, committed 21296K, reserved 1069056K
  class space    used 2583K, capacity 2666K, committed 2688K, reserved 1048576K
Event: 1.777 GC heap after
Heap after GC invocations=2 (full 0):
 PSYoungGen      total 141824K, used 10742K [0x000000076ab00000, 0x0000000774000000, 0x00000007c0000000)
  eden space 131072K, 0% used [0x000000076ab00000,0x000000076ab00000,0x0000000772b00000)
  from space 10752K, 99% used [0x0000000773580000,0x0000000773ffda50,0x0000000774000000)
  to   space 10752K, 0% used [0x0000000772b00000,0x0000000772b00000,0x0000000773580000)
 ParOldGen       total 175104K, used 6676K [0x00000006c0000000, 0x00000006cab00000, 0x000000076ab00000)
  object space 175104K, 3% used [0x00000006c0000000,0x00000006c0685238,0x00000006cab00000)
 Metaspace       used 20866K, capacity 21198K, committed 21296K, reserved 1069056K
  class space    used 2583K, capacity 2666K, committed 2688K, reserved 1048576K
}
Event: 1.777 GC heap before
{Heap before GC invocations=3 (full 1):
 PSYoungGen      total 141824K, used 10742K [0x000000076ab00000, 0x0000000774000000, 0x00000007c0000000)
  eden space 131072K, 0% used [0x000000076ab00000,0x000000076ab00000,0x0000000772b00000)
  from space 10752K, 99% used [0x0000000773580000,0x0000000773ffda50,0x0000000774000000)
  to   space 10752K, 0% used [0x0000000772b00000,0x0000000772b00000,0x0000000773580000)
 ParOldGen       total 175104K, used 6676K [0x00000006c0000000, 0x00000006cab00000, 0x000000076ab00000)
  object space 175104K, 3% used [0x00000006c0000000,0x00000006c0685238,0x00000006cab00000)
 Metaspace       used 20866K, capacity 21198K, committed 21296K, reserved 1069056K
  class space    used 2583K, capacity 2666K, committed 2688K, reserved 1048576K
Event: 1.823 GC heap after
Heap after GC invocations=3 (full 1):
 PSYoungGen      total 141824K, used 0K [0x000000076ab00000, 0x0000000774000000, 0x00000007c0000000)
  eden space 131072K, 0% used [0x000000076ab00000,0x000000076ab00000,0x0000000772b00000)
  from space 10752K, 0% used [0x0000000773580000,0x0000000773580000,0x0000000774000000)
  to   space 10752K, 0% used [0x0000000772b00000,0x0000000772b00000,0x0000000773580000)
 ParOldGen       total 121344K, used 12497K [0x00000006c0000000, 0x00000006c7680000, 0x000000076ab00000)
  object space 121344K, 10% used [0x00000006c0000000,0x00000006c0c34490,0x00000006c7680000)
 Metaspace       used 20866K, capacity 21198K, committed 21296K, reserved 1069056K
  class space    used 2583K, capacity 2666K, committed 2688K, reserved 1048576K
}
Event: 9.356 GC heap before
{Heap before GC invocations=4 (full 1):
 PSYoungGen      total 141824K, used 131072K [0x000000076ab00000, 0x0000000774000000, 0x00000007c0000000)
  eden space 131072K, 100% used [0x000000076ab00000,0x0000000772b00000,0x0000000772b00000)
  from space 10752K, 0% used [0x0000000773580000,0x0000000773580000,0x0000000774000000)
  to   space 10752K, 0% used [0x0000000772b00000,0x0000000772b00000,0x0000000773580000)
 ParOldGen       total 121344K, used 12497K [0x00000006c0000000, 0x00000006c7680000, 0x000000076ab00000)
  object space 121344K, 10% used [0x00000006c0000000,0x00000006c0c34490,0x00000006c7680000)
 Metaspace       used 31578K, capacity 31980K, committed 32256K, reserved 1077248K
  class space    used 3912K, capacity 4027K, committed 4096K, reserved 1048576K
Event: 9.379 GC heap after
Heap after GC invocations=4 (full 1):
 PSYoungGen      total 141824K, used 10733K [0x000000076ab00000, 0x0000000776d80000, 0x00000007c0000000)
  eden space 131072K, 0% used [0x000000076ab00000,0x000000076ab00000,0x0000000772b00000)
  from space 10752K, 99% used [0x0000000772b00000,0x000000077357b610,0x0000000773580000)
  to   space 10752K, 0% used [0x0000000776300000,0x0000000776300000,0x0000000776d80000)
 ParOldGen       total 121344K, used 19504K [0x00000006c0000000, 0x00000006c7680000, 0x000000076ab00000)
  object space 121344K, 16% used [0x00000006c0000000,0x00000006c130c148,0x00000006c7680000)
 Metaspace       used 31578K, capacity 31980K, committed 32256K, reserved 1077248K
  class space    used 3912K, capacity 4027K, committed 4096K, reserved 1048576K
}

Deoptimization events (10 events):
Event: 3.613 Thread 0x00007f922a82e000 Uncommon trap: reason=unstable_if action=reinterpret pc=0x00000001052ef5b0 method=java.lang.Class$MethodArray.addIfNotPresent(Ljava/lang/reflect/Method;)V @ 19
Event: 8.938 Thread 0x00007f922d046800 Uncommon trap: reason=null_check action=make_not_entrant pc=0x00000001053ad1d4 method=org.springframework.core.annotation.AnnotatedElementUtils.searchWithFindSemantics(Ljava/lang/reflect/AnnotatedElement;Ljava/lang/Class;Ljava/lang/String;Ljava/lang/Class
Event: 8.959 Thread 0x00007f922d046800 Uncommon trap: reason=unstable_if action=reinterpret pc=0x0000000104f63d68 method=java.util.concurrent.ConcurrentHashMap.get(Ljava/lang/Object;)Ljava/lang/Object; @ 76
Event: 9.111 Thread 0x00007f922d046800 Uncommon trap: reason=unstable_if action=reinterpret pc=0x0000000104f62aa4 method=java.lang.CharacterDataLatin1.isWhitespace(I)Z @ 14
Event: 9.111 Thread 0x00007f922d046800 Uncommon trap: reason=unstable_if action=reinterpret pc=0x0000000104bf2ba0 method=java.lang.CharacterDataLatin1.isWhitespace(I)Z @ 14
Event: 9.116 Thread 0x00007f922d046800 Uncommon trap: reason=unstable_if action=reinterpret pc=0x0000000104abd920 method=java.lang.CharacterData.of(I)Ljava/lang/CharacterData; @ 4
Event: 9.397 Thread 0x00007f922d046800 Uncommon trap: reason=unstable_if action=reinterpret pc=0x00000001052740e4 method=java.util.Properties$LineReader.readLine()I @ 174
Event: 9.409 Thread 0x00007f922d046800 Uncommon trap: reason=predicate action=maybe_recompile pc=0x0000000104f92774 method=sun.net.www.ParseUtil.encodePath(Ljava/lang/String;Z)Ljava/lang/String; @ 36
Event: 9.414 Thread 0x00007f922d046800 Uncommon trap: reason=unstable_if action=reinterpret pc=0x0000000104b5fd24 method=sun.nio.cs.UTF_8$Encoder.encode([CII[B)I @ 33
Event: 9.423 Thread 0x00007f922d046800 Uncommon trap: reason=unstable_if action=reinterpret pc=0x0000000104b3b144 method=sun.nio.cs.UTF_8$Encoder.encode([CII[B)I @ 33

Internal exceptions (10 events):
Event: 8.970 Thread 0x00007f922d046800 Exception <a 'java/lang/ClassNotFoundException': org/thymeleaf/spring4/view/AbstractThymeleafViewCustomizer> (0x000000077224ff50) thrown at [/Users/java_re/workspace/8-2-build-macosx-x86_64/jdk8u111/7883/hotspot/src/share/vm/classfile/systemDictionary.cpp
Event: 8.971 Thread 0x00007f922d046800 Exception <a 'java/lang/ClassNotFoundException': org/thymeleaf/spring4/view/ThymeleafViewCustomizer> (0x0000000772266160) thrown at [/Users/java_re/workspace/8-2-build-macosx-x86_64/jdk8u111/7883/hotspot/src/share/vm/classfile/systemDictionary.cpp, line 2
Event: 8.972 Thread 0x00007f922d046800 Exception <a 'java/lang/ClassNotFoundException': org/springframework/web/servlet/ViewCustomizer> (0x0000000772278f90) thrown at [/Users/java_re/workspace/8-2-build-macosx-x86_64/jdk8u111/7883/hotspot/src/share/vm/classfile/systemDictionary.cpp, line 210]
Event: 8.973 Thread 0x00007f922d046800 Exception <a 'java/lang/ClassNotFoundException': org/springframework/beans/factory/BeanNameAwareCustomizer> (0x0000000772281f50) thrown at [/Users/java_re/workspace/8-2-build-macosx-x86_64/jdk8u111/7883/hotspot/src/share/vm/classfile/systemDictionary.cpp,
Event: 8.976 Thread 0x00007f922d046800 Exception <a 'java/lang/ClassNotFoundException': org/springframework/web/context/ServletContextAwareCustomizer> (0x0000000772289088) thrown at [/Users/java_re/workspace/8-2-build-macosx-x86_64/jdk8u111/7883/hotspot/src/share/vm/classfile/systemDictionary.
Event: 8.977 Thread 0x00007f922d046800 Exception <a 'java/lang/ClassNotFoundException': org/springframework/context/ApplicationContextAwareCustomizer> (0x0000000772290218) thrown at [/Users/java_re/workspace/8-2-build-macosx-x86_64/jdk8u111/7883/hotspot/src/share/vm/classfile/systemDictionary.
Event: 36.212 Thread 0x00007f922d356000 Exception <a 'java/io/FileNotFoundException'> (0x000000076b560cc8) thrown at [/Users/java_re/workspace/8-2-build-macosx-x86_64/jdk8u111/7883/hotspot/src/share/vm/prims/jni.cpp, line 709]
Event: 36.212 Thread 0x00007f922d356000 Exception <a 'java/io/FileNotFoundException'> (0x000000076b561c30) thrown at [/Users/java_re/workspace/8-2-build-macosx-x86_64/jdk8u111/7883/hotspot/src/share/vm/prims/jni.cpp, line 709]
Event: 489.068 Thread 0x00007f922dff7000 Exception <a 'java/lang/InterruptedException': sleep interrupted> (0x000000076b02cca8) thrown at [/Users/java_re/workspace/8-2-build-macosx-x86_64/jdk8u111/7883/hotspot/src/share/vm/prims/jvm.cpp, line 3224]
Event: 489.131 Thread 0x00007f922acf8800 Exception <a 'java/lang/InterruptedException': sleep interrupted> (0x000000076b161588) thrown at [/Users/java_re/workspace/8-2-build-macosx-x86_64/jdk8u111/7883/hotspot/src/share/vm/prims/jvm.cpp, line 3224]

Events (10 events):
Event: 489.074 loading class sun/net/spi/DefaultProxySelector$NonProxyInfo done
Event: 489.074 loading class sun/net/spi/DefaultProxySelector$3
Event: 489.074 loading class sun/net/spi/DefaultProxySelector$3 done
Event: 489.074 loading class java/net/Proxy
Event: 489.074 loading class java/net/Proxy done
Event: 489.074 loading class java/net/Proxy$Type
Event: 489.074 loading class java/net/Proxy$Type done
Event: 489.131 Thread 0x00007f922acf8800 Thread exited: 0x00007f922acf8800
Event: 489.131 loading class org/apache/catalina/Lifecycle$SingleUse
Event: 489.131 loading class org/apache/catalina/Lifecycle$SingleUse done


Dynamic libraries:
0x0000000008421000 	/System/Library/Frameworks/Cocoa.framework/Versions/A/Cocoa
0x0000000008421000 	/System/Library/Frameworks/Security.framework/Versions/A/Security
0x0000000008421000 	/System/Library/Frameworks/ApplicationServices.framework/Versions/A/ApplicationServices
0x0000000008421000 	/usr/lib/libz.1.dylib
0x0000000008421000 	/usr/lib/libSystem.B.dylib
0x0000000008421000 	/usr/lib/libobjc.A.dylib
0x0000000008421000 	/System/Library/Frameworks/CoreFoundation.framework/Versions/A/CoreFoundation
0x0000000008421000 	/System/Library/Frameworks/Foundation.framework/Versions/C/Foundation
0x0000000008421000 	/System/Library/Frameworks/AppKit.framework/Versions/C/AppKit
0x0000000008421000 	/System/Library/Frameworks/CoreData.framework/Versions/A/CoreData
0x0000000008421000 	/System/Library/PrivateFrameworks/RemoteViewServices.framework/Versions/A/RemoteViewServices
0x0000000008421000 	/System/Library/PrivateFrameworks/UIFoundation.framework/Versions/A/UIFoundation
0x0000000008421000 	/usr/lib/libScreenReader.dylib
0x0000000008421000 	/System/Library/Frameworks/Accelerate.framework/Versions/A/Accelerate
0x0000000008421000 	/System/Library/Frameworks/IOSurface.framework/Versions/A/IOSurface
0x0000000008421000 	/System/Library/Frameworks/AudioToolbox.framework/Versions/A/AudioToolbox
0x0000000008421000 	/System/Library/Frameworks/AudioUnit.framework/Versions/A/AudioUnit
0x0000000008421000 	/System/Library/PrivateFrameworks/DataDetectorsCore.framework/Versions/A/DataDetectorsCore
0x0000000008421000 	/System/Library/PrivateFrameworks/DesktopServicesPriv.framework/Versions/A/DesktopServicesPriv
0x0000000008421000 	/System/Library/Frameworks/Carbon.framework/Versions/A/Frameworks/HIToolbox.framework/Versions/A/HIToolbox
0x0000000008421000 	/System/Library/Frameworks/QuartzCore.framework/Versions/A/QuartzCore
0x0000000008421000 	/System/Library/Frameworks/Carbon.framework/Versions/A/Frameworks/SpeechRecognition.framework/Versions/A/SpeechRecognition
0x0000000008421000 	/usr/lib/libauto.dylib
0x0000000008421000 	/usr/lib/libicucore.A.dylib
0x0000000008421000 	/usr/lib/libxml2.2.dylib
0x0000000008421000 	/System/Library/PrivateFrameworks/CoreUI.framework/Versions/A/CoreUI
0x0000000008421000 	/System/Library/Frameworks/CoreAudio.framework/Versions/A/CoreAudio
0x0000000008421000 	/System/Library/Frameworks/DiskArbitration.framework/Versions/A/DiskArbitration
0x0000000008421000 	/usr/lib/liblangid.dylib
0x0000000008421000 	/System/Library/PrivateFrameworks/MultitouchSupport.framework/Versions/A/MultitouchSupport
0x0000000008421000 	/System/Library/Frameworks/IOKit.framework/Versions/A/IOKit
0x0000000008421000 	/usr/lib/libDiagnosticMessagesClient.dylib
0x0000000008421000 	/System/Library/Frameworks/CoreServices.framework/Versions/A/CoreServices
0x0000000008421000 	/System/Library/PrivateFrameworks/PerformanceAnalysis.framework/Versions/A/PerformanceAnalysis
0x0000000008421000 	/System/Library/PrivateFrameworks/GenerationalStorage.framework/Versions/A/GenerationalStorage
0x0000000008421000 	/System/Library/Frameworks/OpenGL.framework/Versions/A/OpenGL
0x0000000008421000 	/System/Library/PrivateFrameworks/Sharing.framework/Versions/A/Sharing
0x0000000008421000 	/System/Library/Frameworks/CoreGraphics.framework/Versions/A/CoreGraphics
0x0000000008421000 	/System/Library/Frameworks/CoreImage.framework/Versions/A/CoreImage
0x0000000008421000 	/System/Library/Frameworks/CoreText.framework/Versions/A/CoreText
0x0000000008421000 	/System/Library/Frameworks/ImageIO.framework/Versions/A/ImageIO
0x0000000008421000 	/System/Library/PrivateFrameworks/Backup.framework/Versions/A/Backup
0x0000000008421000 	/usr/lib/libextension.dylib
0x0000000008421000 	/usr/lib/libarchive.2.dylib
0x0000000008421000 	/System/Library/Frameworks/CFNetwork.framework/Versions/A/CFNetwork
0x0000000008421000 	/System/Library/Frameworks/SystemConfiguration.framework/Versions/A/SystemConfiguration
0x0000000008421000 	/usr/lib/libCRFSuite.dylib
0x0000000008421000 	/usr/lib/libc++.1.dylib
0x0000000008421000 	/usr/lib/libc++abi.dylib
0x0000000008421000 	/usr/lib/system/libcache.dylib
0x0000000008421000 	/usr/lib/system/libcommonCrypto.dylib
0x0000000008421000 	/usr/lib/system/libcompiler_rt.dylib
0x0000000008421000 	/usr/lib/system/libcopyfile.dylib
0x0000000008421000 	/usr/lib/system/libcorecrypto.dylib
0x0000000008421000 	/usr/lib/system/libdispatch.dylib
0x0000000008421000 	/usr/lib/system/libdyld.dylib
0x0000000008421000 	/usr/lib/system/libkeymgr.dylib
0x0000000008421000 	/usr/lib/system/liblaunch.dylib
0x0000000008421000 	/usr/lib/system/libmacho.dylib
0x0000000008421000 	/usr/lib/system/libquarantine.dylib
0x0000000008421000 	/usr/lib/system/libremovefile.dylib
0x0000000008421000 	/usr/lib/system/libsystem_asl.dylib
0x0000000008421000 	/usr/lib/system/libsystem_blocks.dylib
0x0000000008421000 	/usr/lib/system/libsystem_c.dylib
0x0000000008421000 	/usr/lib/system/libsystem_configuration.dylib
0x0000000008421000 	/usr/lib/system/libsystem_coreservices.dylib
0x0000000008421000 	/usr/lib/system/libsystem_coretls.dylib
0x0000000008421000 	/usr/lib/system/libsystem_dnssd.dylib
0x0000000008421000 	/usr/lib/system/libsystem_info.dylib
0x0000000008421000 	/usr/lib/system/libsystem_kernel.dylib
0x0000000008421000 	/usr/lib/system/libsystem_m.dylib
0x0000000008421000 	/usr/lib/system/libsystem_malloc.dylib
0x0000000008421000 	/usr/lib/system/libsystem_network.dylib
0x0000000008421000 	/usr/lib/system/libsystem_networkextension.dylib
0x0000000008421000 	/usr/lib/system/libsystem_notify.dylib
0x0000000008421000 	/usr/lib/system/libsystem_platform.dylib
0x0000000008421000 	/usr/lib/system/libsystem_pthread.dylib
0x0000000008421000 	/usr/lib/system/libsystem_sandbox.dylib
0x0000000008421000 	/usr/lib/system/libsystem_secinit.dylib
0x0000000008421000 	/usr/lib/system/libsystem_trace.dylib
0x0000000008421000 	/usr/lib/system/libunc.dylib
0x0000000008421000 	/usr/lib/system/libunwind.dylib
0x0000000008421000 	/usr/lib/system/libxpc.dylib
0x0000000008421000 	/usr/lib/libenergytrace.dylib
0x0000000008421000 	/usr/lib/libbsm.0.dylib
0x0000000008421000 	/usr/lib/system/libkxld.dylib
0x0000000008421000 	/usr/lib/libxar.1.dylib
0x0000000008421000 	/usr/lib/libsqlite3.dylib
0x0000000008421000 	/usr/lib/libpam.2.dylib
0x0000000008421000 	/usr/lib/libOpenScriptingUtil.dylib
0x0000000008421000 	/usr/lib/libbz2.1.0.dylib
0x0000000008421000 	/usr/lib/liblzma.5.dylib
0x0000000008421000 	/System/Library/Frameworks/CoreServices.framework/Versions/A/Frameworks/FSEvents.framework/Versions/A/FSEvents
0x0000000008421000 	/System/Library/Frameworks/CoreServices.framework/Versions/A/Frameworks/CarbonCore.framework/Versions/A/CarbonCore
0x0000000008421000 	/System/Library/Frameworks/CoreServices.framework/Versions/A/Frameworks/Metadata.framework/Versions/A/Metadata
0x0000000008421000 	/System/Library/Frameworks/CoreServices.framework/Versions/A/Frameworks/OSServices.framework/Versions/A/OSServices
0x0000000008421000 	/System/Library/Frameworks/CoreServices.framework/Versions/A/Frameworks/SearchKit.framework/Versions/A/SearchKit
0x0000000008421000 	/System/Library/Frameworks/CoreServices.framework/Versions/A/Frameworks/AE.framework/Versions/A/AE
0x0000000008421000 	/System/Library/Frameworks/CoreServices.framework/Versions/A/Frameworks/LaunchServices.framework/Versions/A/LaunchServices
0x0000000008421000 	/System/Library/Frameworks/CoreServices.framework/Versions/A/Frameworks/DictionaryServices.framework/Versions/A/DictionaryServices
0x0000000008421000 	/System/Library/Frameworks/CoreServices.framework/Versions/A/Frameworks/SharedFileList.framework/Versions/A/SharedFileList
0x0000000008421000 	/System/Library/Frameworks/NetFS.framework/Versions/A/NetFS
0x0000000008421000 	/System/Library/PrivateFrameworks/NetAuth.framework/Versions/A/NetAuth
0x0000000008421000 	/System/Library/PrivateFrameworks/login.framework/Versions/A/Frameworks/loginsupport.framework/Versions/A/loginsupport
0x0000000008421000 	/System/Library/PrivateFrameworks/TCC.framework/Versions/A/TCC
0x0000000008421000 	/usr/lib/libmecabra.dylib
0x0000000008421000 	/System/Library/Frameworks/ApplicationServices.framework/Versions/A/Frameworks/ATS.framework/Versions/A/ATS
0x0000000008421000 	/System/Library/Frameworks/ApplicationServices.framework/Versions/A/Frameworks/ColorSync.framework/Versions/A/ColorSync
0x0000000008421000 	/System/Library/Frameworks/ApplicationServices.framework/Versions/A/Frameworks/HIServices.framework/Versions/A/HIServices
0x0000000008421000 	/System/Library/Frameworks/ApplicationServices.framework/Versions/A/Frameworks/LangAnalysis.framework/Versions/A/LangAnalysis
0x0000000008421000 	/System/Library/Frameworks/ApplicationServices.framework/Versions/A/Frameworks/PrintCore.framework/Versions/A/PrintCore
0x0000000008421000 	/System/Library/Frameworks/ApplicationServices.framework/Versions/A/Frameworks/QD.framework/Versions/A/QD
0x0000000008421000 	/System/Library/Frameworks/ApplicationServices.framework/Versions/A/Frameworks/SpeechSynthesis.framework/Versions/A/SpeechSynthesis
0x0000000008421000 	/System/Library/Frameworks/Metal.framework/Versions/A/Metal
0x0000000008421000 	/System/Library/Frameworks/Accelerate.framework/Versions/A/Frameworks/vImage.framework/Versions/A/vImage
0x0000000008421000 	/System/Library/Frameworks/Accelerate.framework/Versions/A/Frameworks/vecLib.framework/Versions/A/vecLib
0x0000000008421000 	/System/Library/Frameworks/Accelerate.framework/Versions/A/Frameworks/vecLib.framework/Versions/A/libvDSP.dylib
0x0000000008421000 	/System/Library/Frameworks/Accelerate.framework/Versions/A/Frameworks/vecLib.framework/Versions/A/libvMisc.dylib
0x0000000008421000 	/System/Library/Frameworks/Accelerate.framework/Versions/A/Frameworks/vecLib.framework/Versions/A/libLAPACK.dylib
0x0000000008421000 	/System/Library/Frameworks/Accelerate.framework/Versions/A/Frameworks/vecLib.framework/Versions/A/libBLAS.dylib
0x0000000008421000 	/System/Library/Frameworks/Accelerate.framework/Versions/A/Frameworks/vecLib.framework/Versions/A/libLinearAlgebra.dylib
0x0000000008421000 	/System/Library/Frameworks/Accelerate.framework/Versions/A/Frameworks/vecLib.framework/Versions/A/libSparseBLAS.dylib
0x0000000008421000 	/System/Library/PrivateFrameworks/GPUCompiler.framework/libmetal_timestamp.dylib
0x0000000008421000 	/System/Library/Frameworks/OpenGL.framework/Versions/A/Libraries/libCoreFSCache.dylib
0x0000000008421000 	/System/Library/PrivateFrameworks/IOAccelerator.framework/Versions/A/IOAccelerator
0x0000000008421000 	/System/Library/Frameworks/ApplicationServices.framework/Versions/A/Frameworks/ATS.framework/Versions/A/Resources/libFontParser.dylib
0x0000000008421000 	/System/Library/Frameworks/ApplicationServices.framework/Versions/A/Frameworks/ATS.framework/Versions/A/Resources/libFontRegistry.dylib
0x0000000008421000 	/System/Library/PrivateFrameworks/AppleVPA.framework/Versions/A/AppleVPA
0x0000000008421000 	/System/Library/PrivateFrameworks/AppleJPEG.framework/Versions/A/AppleJPEG
0x0000000008421000 	/System/Library/Frameworks/ImageIO.framework/Versions/A/Resources/libJPEG.dylib
0x0000000008421000 	/System/Library/Frameworks/ImageIO.framework/Versions/A/Resources/libTIFF.dylib
0x0000000008421000 	/System/Library/Frameworks/ImageIO.framework/Versions/A/Resources/libPng.dylib
0x0000000008421000 	/System/Library/Frameworks/ImageIO.framework/Versions/A/Resources/libGIF.dylib
0x0000000008421000 	/System/Library/Frameworks/ImageIO.framework/Versions/A/Resources/libJP2.dylib
0x0000000008421000 	/System/Library/Frameworks/ImageIO.framework/Versions/A/Resources/libRadiance.dylib
0x0000000008421000 	/System/Library/Frameworks/CoreVideo.framework/Versions/A/CoreVideo
0x0000000008421000 	/System/Library/Frameworks/OpenGL.framework/Versions/A/Libraries/libGLU.dylib
0x0000000008421000 	/System/Library/Frameworks/OpenGL.framework/Versions/A/Libraries/libGFXShared.dylib
0x0000000008421000 	/System/Library/Frameworks/OpenGL.framework/Versions/A/Libraries/libGL.dylib
0x0000000008421000 	/System/Library/Frameworks/OpenGL.framework/Versions/A/Libraries/libGLImage.dylib
0x0000000008421000 	/System/Library/Frameworks/OpenGL.framework/Versions/A/Libraries/libCVMSPluginSupport.dylib
0x0000000008421000 	/System/Library/Frameworks/OpenGL.framework/Versions/A/Libraries/libCoreVMClient.dylib
0x0000000008421000 	/usr/lib/libcompression.dylib
0x0000000008421000 	/usr/lib/libcups.2.dylib
0x0000000008421000 	/System/Library/Frameworks/Kerberos.framework/Versions/A/Kerberos
0x0000000008421000 	/System/Library/Frameworks/GSS.framework/Versions/A/GSS
0x0000000008421000 	/usr/lib/libresolv.9.dylib
0x0000000008421000 	/usr/lib/libiconv.2.dylib
0x0000000008421000 	/System/Library/PrivateFrameworks/Heimdal.framework/Versions/A/Heimdal
0x0000000008421000 	/usr/lib/libheimdal-asn1.dylib
0x0000000008421000 	/System/Library/Frameworks/OpenDirectory.framework/Versions/A/OpenDirectory
0x0000000008421000 	/System/Library/PrivateFrameworks/CommonAuth.framework/Versions/A/CommonAuth
0x0000000008421000 	/System/Library/Frameworks/OpenDirectory.framework/Versions/A/Frameworks/CFOpenDirectory.framework/Versions/A/CFOpenDirectory
0x0000000008421000 	/System/Library/Frameworks/SecurityFoundation.framework/Versions/A/SecurityFoundation
0x0000000008421000 	/System/Library/PrivateFrameworks/LanguageModeling.framework/Versions/A/LanguageModeling
0x0000000008421000 	/usr/lib/libmarisa.dylib
0x0000000008421000 	/usr/lib/libChineseTokenizer.dylib
0x0000000008421000 	/usr/lib/libcmph.dylib
0x0000000008421000 	/System/Library/Frameworks/ServiceManagement.framework/Versions/A/ServiceManagement
0x0000000008421000 	/usr/lib/libxslt.1.dylib
0x0000000008421000 	/System/Library/Frameworks/Carbon.framework/Versions/A/Frameworks/Ink.framework/Versions/A/Ink
0x0000000008421000 	/usr/lib/libFosl_dynamic.dylib
0x0000000008421000 	/System/Library/PrivateFrameworks/FaceCore.framework/Versions/A/FaceCore
0x0000000008421000 	/System/Library/Frameworks/OpenCL.framework/Versions/A/OpenCL
0x0000000008421000 	/System/Library/PrivateFrameworks/CrashReporterSupport.framework/Versions/A/CrashReporterSupport
0x0000000008421000 	/System/Library/PrivateFrameworks/IconServices.framework/Versions/A/IconServices
0x0000000008421000 	/System/Library/PrivateFrameworks/Apple80211.framework/Versions/A/Apple80211
0x0000000008421000 	/System/Library/Frameworks/CoreWLAN.framework/Versions/A/CoreWLAN
0x0000000008421000 	/System/Library/Frameworks/IOBluetooth.framework/Versions/A/IOBluetooth
0x0000000008421000 	/System/Library/PrivateFrameworks/CoreWiFi.framework/Versions/A/CoreWiFi
0x0000000008421000 	/System/Library/Frameworks/CoreBluetooth.framework/Versions/A/CoreBluetooth
0x0000000008421000 	/System/Library/PrivateFrameworks/ChunkingLibrary.framework/Versions/A/ChunkingLibrary
0x0000000008421000 	/System/Library/PrivateFrameworks/DebugSymbols.framework/Versions/A/DebugSymbols
0x0000000008421000 	/System/Library/PrivateFrameworks/CoreSymbolication.framework/Versions/A/CoreSymbolication
0x0000000008421000 	/System/Library/PrivateFrameworks/Symbolication.framework/Versions/A/Symbolication
0x0000000008421000 	/System/Library/PrivateFrameworks/SpeechRecognitionCore.framework/Versions/A/SpeechRecognitionCore
0x0000000048710000 	/System/Library/CoreServices/Encodings/libJapaneseConverter.dylib
0x0000000103a00000 	/Library/Java/JavaVirtualMachines/jdk1.8.0_111.jdk/Contents/Home/jre/lib/server/libjvm.dylib
0x0000000008421000 	/usr/lib/libstdc++.6.dylib
0x0000000103098000 	/Library/Java/JavaVirtualMachines/jdk1.8.0_111.jdk/Contents/Home/jre/lib/libverify.dylib
0x00000001030a6000 	/Library/Java/JavaVirtualMachines/jdk1.8.0_111.jdk/Contents/Home/jre/lib/libjava.dylib
0x00000001030e5000 	/Library/Java/JavaVirtualMachines/jdk1.8.0_111.jdk/Contents/Home/jre/lib/libzip.dylib
0x000000011ecb3000 	/System/Library/Frameworks/JavaVM.framework/Frameworks/JavaRuntimeSupport.framework/JavaRuntimeSupport
0x00000001031ea000 	/System/Library/Frameworks/JavaVM.framework/Versions/A/Frameworks/JavaNativeFoundation.framework/Versions/A/JavaNativeFoundation
0x000000011ecce000 	/System/Library/Frameworks/JavaVM.framework/Versions/A/JavaVM
0x0000000008421000 	/System/Library/Frameworks/Carbon.framework/Versions/A/Carbon
0x000000011ecdb000 	/System/Library/PrivateFrameworks/JavaLaunching.framework/Versions/A/JavaLaunching
0x0000000008421000 	/System/Library/Frameworks/Carbon.framework/Versions/A/Frameworks/CommonPanels.framework/Versions/A/CommonPanels
0x0000000008421000 	/System/Library/Frameworks/Carbon.framework/Versions/A/Frameworks/Help.framework/Versions/A/Help
0x0000000008421000 	/System/Library/Frameworks/Carbon.framework/Versions/A/Frameworks/ImageCapture.framework/Versions/A/ImageCapture
0x0000000008421000 	/System/Library/Frameworks/Carbon.framework/Versions/A/Frameworks/OpenScripting.framework/Versions/A/OpenScripting
0x0000000008421000 	/System/Library/Frameworks/Carbon.framework/Versions/A/Frameworks/Print.framework/Versions/A/Print
0x0000000008421000 	/System/Library/Frameworks/Carbon.framework/Versions/A/Frameworks/SecurityHI.framework/Versions/A/SecurityHI
0x0000000120963000 	/Library/Java/JavaVirtualMachines/jdk1.8.0_111.jdk/Contents/Home/jre/lib/libmanagement.dylib
0x0000000120971000 	/Library/Java/JavaVirtualMachines/jdk1.8.0_111.jdk/Contents/Home/jre/lib/libnet.dylib
0x0000000120626000 	/Library/Java/JavaVirtualMachines/jdk1.8.0_111.jdk/Contents/Home/jre/lib/libnio.dylib

VM Arguments:
java_command: target/sampleSpringLeaf.jar --server.port=8090
java_class_path (initial): target/sampleSpringLeaf.jar
Launcher Type: SUN_STANDARD

Environment Variables:
PATH=/usr/local/bin:/usr/bin:/bin:/usr/sbin:/sbin
SHELL=/bin/zsh

Signal Handlers:
SIGSEGV: [libjvm.dylib+0x5b03ed], sa_mask[0]=11111111011111110111111111111111, sa_flags=SA_ONSTACK|SA_RESTART|SA_SIGINFO
SIGBUS: [libjvm.dylib+0x5b03ed], sa_mask[0]=11111111011111110111111111111111, sa_flags=SA_RESTART|SA_SIGINFO
SIGFPE: [libjvm.dylib+0x48711c], sa_mask[0]=11111111011111110111111111111111, sa_flags=SA_RESTART|SA_SIGINFO
SIGPIPE: [libjvm.dylib+0x48711c], sa_mask[0]=11111111011111110111111111111111, sa_flags=SA_RESTART|SA_SIGINFO
SIGXFSZ: [libjvm.dylib+0x48711c], sa_mask[0]=11111111011111110111111111111111, sa_flags=SA_RESTART|SA_SIGINFO
SIGILL: [libjvm.dylib+0x48711c], sa_mask[0]=11111111011111110111111111111111, sa_flags=SA_RESTART|SA_SIGINFO
SIGUSR1: SIG_DFL, sa_mask[0]=00000000000000000000000000000000, sa_flags=SA_RESTART
SIGUSR2: [libjvm.dylib+0x486c3a], sa_mask[0]=00000000000000000000000000000000, sa_flags=SA_RESTART|SA_SIGINFO
SIGHUP: [libjvm.dylib+0x485211], sa_mask[0]=11111111011111110111111111111111, sa_flags=SA_RESTART|SA_SIGINFO
SIGINT: [libjvm.dylib+0x485211], sa_mask[0]=11111111011111110111111111111111, sa_flags=SA_RESTART|SA_SIGINFO
SIGTERM: [libjvm.dylib+0x485211], sa_mask[0]=11111111011111110111111111111111, sa_flags=SA_RESTART|SA_SIGINFO
SIGQUIT: [libjvm.dylib+0x485211], sa_mask[0]=11111111011111110111111111111111, sa_flags=SA_RESTART|SA_SIGINFO


---------------  S Y S T E M  ---------------

OS:Bsduname:Darwin 15.6.0 Darwin Kernel Version 15.6.0: Thu Jun 23 18:25:34 PDT 2016; root:xnu-3248.60.10~1/RELEASE_X86_64 x86_64
rlimit: STACK 8192k, CORE 0k, NPROC 709, NOFILE 10240, AS infinity
load average:3.13 2.91 2.88

CPU:total 4 (2 cores per cpu, 2 threads per core) family 6 model 69 stepping 1, cmov, cx8, fxsr, mmx, sse, sse2, sse3, ssse3, sse4.1, sse4.2, popcnt, avx, avx2, aes, clmul, erms, lzcnt, ht, tsc, tscinvbit, bmi1, bmi2

Memory: 4k page, physical 16777216k(488288k free)

/proc/meminfo:


vm_info: Java HotSpot(TM) 64-Bit Server VM (25.111-b14) for bsd-amd64 JRE (1.8.0_111-b14), built on Sep 22 2016 15:31:41 by "java_re" with gcc 4.2.1 (Based on Apple Inc. build 5658) (LLVM build 2336.11.00)

time: Wed Mar  8 16:56:19 2017
elapsed time: 489 seconds (0d 0h 8m 9s)

